<?xml version="1.0" encoding="UTF-8"?>
<testng-results ignored="0" total="1" passed="1" failed="0" skipped="0">
  <reporter-output>
  </reporter-output>
  <suite started-at="2023-01-18T19:33:17 IST" name="Default suite" finished-at="2023-01-18T19:33:17 IST" duration-ms="155">
    <groups>
    </groups>
    <test started-at="2023-01-18T19:33:17 IST" name="Default test" finished-at="2023-01-18T19:33:17 IST" duration-ms="155">
      <class name="samplepractice.AdvanceSelenium">
        <test-method signature="test2()[pri:0, instance:samplepractice.AdvanceSelenium@12b0404f]" started-at="2023-01-18T19:33:17 IST" name="test2" finished-at="2023-01-18T19:33:17 IST" duration-ms="28" status="PASS">
          <reporter-output>
          </reporter-output>
        </test-method> <!-- test2 -->
      </class> <!-- samplepractice.AdvanceSelenium -->
    </test> <!-- Default test -->
  </suite> <!-- Default suite -->
</testng-results>
