<?xml version="1.0" encoding="UTF-8"?>
<testng-results ignored="0" total="1" passed="1" failed="0" skipped="0">
  <reporter-output>
  </reporter-output>
  <suite started-at="2023-01-19T19:51:01 IST" name="Default suite" finished-at="2023-01-19T19:51:01 IST" duration-ms="153">
    <groups>
    </groups>
    <test started-at="2023-01-19T19:51:01 IST" name="Default test" finished-at="2023-01-19T19:51:01 IST" duration-ms="153">
      <class name="gitpractice.pushpractice">
        <test-method signature="pushCode()[pri:0, instance:gitpractice.pushpractice@12b0404f]" started-at="2023-01-19T19:51:01 IST" name="pushCode" finished-at="2023-01-19T19:51:01 IST" duration-ms="26" status="PASS">
          <reporter-output>
          </reporter-output>
        </test-method> <!-- pushCode -->
      </class> <!-- gitpractice.pushpractice -->
    </test> <!-- Default test -->
  </suite> <!-- Default suite -->
</testng-results>
